2023.05.01 21:51:28 INFO  Started: Metals version 0.11.12 in workspace 'D:\Desktop\College\Level 2\2nd Term\Programming Paradigms\Project\Scala Stuff' for client Visual Studio Code 1.77.3.
May 01, 2023 9:51:29 PM org.flywaydb.core.internal.license.VersionPrinter printVersionOnly
INFO: Flyway Community Edition 9.16.3 by Redgate
May 01, 2023 9:51:29 PM org.flywaydb.core.internal.license.VersionPrinter printVersion
INFO: See release notes here: https://rd.gt/416ObMi
May 01, 2023 9:51:29 PM org.flywaydb.core.internal.license.VersionPrinter printVersion
INFO: 
May 01, 2023 9:51:29 PM org.flywaydb.core.internal.database.base.BaseDatabaseType createDatabase
INFO: Database: jdbc:h2:file:D:\Desktop\College\Level 2\2nd Term\Programming Paradigms\Project\Scala Stuff\.metals\metals (H2 2.1)
May 01, 2023 9:51:29 PM org.flywaydb.core.internal.schemahistory.JdbcTableSchemaHistory allAppliedMigrations
INFO: Schema history table "PUBLIC"."flyway_schema_history" does not exist yet
May 01, 2023 9:51:29 PM org.flywaydb.core.internal.command.DbValidate validate
INFO: Successfully validated 4 migrations (execution time 00:00.014s)
May 01, 2023 9:51:29 PM org.flywaydb.core.internal.schemahistory.JdbcTableSchemaHistory create
INFO: Creating Schema History table "PUBLIC"."flyway_schema_history" ...
May 01, 2023 9:51:29 PM org.flywaydb.core.internal.command.DbMigrate migrateGroup
INFO: Current version of schema "PUBLIC": << Empty Schema >>
May 01, 2023 9:51:29 PM org.flywaydb.core.internal.command.DbMigrate doMigrateGroup
INFO: Migrating schema "PUBLIC" to version "1 - Create tables"
May 01, 2023 9:51:29 PM org.flywaydb.core.internal.command.DbMigrate doMigrateGroup
INFO: Migrating schema "PUBLIC" to version "2 - Server discovery"
May 01, 2023 9:51:29 PM org.flywaydb.core.internal.command.DbMigrate doMigrateGroup
INFO: Migrating schema "PUBLIC" to version "3 - Jar symbols"
May 01, 2023 9:51:29 PM org.flywaydb.core.internal.command.DbMigrate doMigrateGroup
INFO: Migrating schema "PUBLIC" to version "4 - Fingerprints"
May 01, 2023 9:51:29 PM org.flywaydb.core.internal.command.DbMigrate logSummary
INFO: Successfully applied 4 migrations to schema "PUBLIC", now at version v4 (execution time 00:00.043s)
2023.05.01 21:51:29 INFO  time: initialize in 0.74s
2023.05.01 21:51:30 WARN  Build server is not auto-connectable.
2023.05.01 21:51:30 WARN  no build tool detected in workspace 'D:\Desktop\College\Level 2\2nd Term\Programming Paradigms\Project\Scala Stuff'. The most common cause for this problem is that the editor was opened in the wrong working directory, for example if you use sbt then the workspace directory should contain build.sbt. 
2023.05.01 21:51:30 WARN  no build target for: D:\Desktop\College\Level 2\2nd Term\Programming Paradigms\Project\Scala Stuff\doodles.scala
2023.05.01 21:51:47 INFO  no build target found for D:\Desktop\College\Level 2\2nd Term\Programming Paradigms\Project\Scala Stuff\doodles.scala. Using presentation compiler with project's scala-library version: 3.2.2
2023.05.03 11:12:01 INFO  Shutting down server
2023.05.03 11:12:01 INFO  shutting down Metals
2023.05.04 14:55:54 INFO  Started: Metals version 0.11.12 in workspace 'D:\Desktop\College\Level 2\2nd Term\Programming Paradigms\Project\Scala Stuff' for client Visual Studio Code 1.77.3.
May 04, 2023 2:55:55 PM org.flywaydb.core.internal.license.VersionPrinter printVersionOnly
INFO: Flyway Community Edition 9.16.3 by Redgate
May 04, 2023 2:55:55 PM org.flywaydb.core.internal.license.VersionPrinter printVersion
INFO: See release notes here: https://rd.gt/416ObMi
May 04, 2023 2:55:55 PM org.flywaydb.core.internal.license.VersionPrinter printVersion
INFO: 
May 04, 2023 2:56:00 PM org.flywaydb.core.internal.database.base.BaseDatabaseType createDatabase
INFO: Database: jdbc:h2:file:D:\Desktop\College\Level 2\2nd Term\Programming Paradigms\Project\Scala Stuff\.metals\metals (H2 2.1)
May 04, 2023 2:56:00 PM org.flywaydb.core.internal.command.DbValidate validate
INFO: Successfully validated 4 migrations (execution time 00:00.068s)
May 04, 2023 2:56:00 PM org.flywaydb.core.internal.command.DbMigrate migrateGroup
INFO: Current version of schema "PUBLIC": 4
May 04, 2023 2:56:00 PM org.flywaydb.core.internal.command.DbMigrate logSummary
INFO: Schema "PUBLIC" is up to date. No migration necessary.
2023.05.04 14:56:01 INFO  time: initialize in 5.91s
2023.05.04 14:56:01 WARN  Build server is not auto-connectable.
2023.05.04 14:56:01 WARN  no build tool detected in workspace 'D:\Desktop\College\Level 2\2nd Term\Programming Paradigms\Project\Scala Stuff'. The most common cause for this problem is that the editor was opened in the wrong working directory, for example if you use sbt then the workspace directory should contain build.sbt. 
2023.05.04 14:56:01 WARN  no build target for: D:\Desktop\College\Level 2\2nd Term\Programming Paradigms\Project\Scala Stuff\doodles.scala
2023.05.04 14:56:21 INFO  no build target found for D:\Desktop\College\Level 2\2nd Term\Programming Paradigms\Project\Scala Stuff\doodles.scala. Using presentation compiler with project's scala-library version: 3.2.2
2023.05.04 14:56:23 INFO  time: code lens generation in 20s
May 04, 2023 3:47:31 PM org.eclipse.lsp4j.jsonrpc.RemoteEndpoint handleCancellation
WARNING: Unmatched cancel notification for request id 445
May 04, 2023 4:02:07 PM org.eclipse.lsp4j.jsonrpc.RemoteEndpoint handleCancellation
WARNING: Unmatched cancel notification for request id 1127
2023.05.04 16:13:23 WARN  no build target for: D:\Desktop\College\Level 2\2nd Term\Programming Paradigms\Project\Scala Stuff\.vscode\Chess.scala
2023.05.04 16:14:21 WARN  no build target for: D:\Desktop\College\Level 2\2nd Term\Programming Paradigms\Project\Scala Stuff\.vscode\Checkers.scala
2023.05.04 16:14:31 WARN  no build target for: D:\Desktop\College\Level 2\2nd Term\Programming Paradigms\Project\Scala Stuff\.vscode\TicTacToe.scala
2023.05.04 16:14:39 WARN  no build target for: D:\Desktop\College\Level 2\2nd Term\Programming Paradigms\Project\Scala Stuff\.vscode\Connect4.scala
2023.05.04 16:14:48 WARN  no build target for: D:\Desktop\College\Level 2\2nd Term\Programming Paradigms\Project\Scala Stuff\.vscode\8Queens.scala
2023.05.04 16:15:16 WARN  no build target for: D:\Desktop\College\Level 2\2nd Term\Programming Paradigms\Project\Scala Stuff\TicTacToe.scala
2023.05.04 16:15:16 WARN  no build target for: D:\Desktop\College\Level 2\2nd Term\Programming Paradigms\Project\Scala Stuff\Connect4.scala
2023.05.04 16:15:16 WARN  no build target for: D:\Desktop\College\Level 2\2nd Term\Programming Paradigms\Project\Scala Stuff\Chess.scala
2023.05.04 16:15:16 WARN  no build target for: D:\Desktop\College\Level 2\2nd Term\Programming Paradigms\Project\Scala Stuff\Checkers.scala
2023.05.04 16:15:16 WARN  no build target for: D:\Desktop\College\Level 2\2nd Term\Programming Paradigms\Project\Scala Stuff\8Queens.scala
2023.05.04 16:16:25 WARN  no build target for: D:\Desktop\College\Level 2\2nd Term\Programming Paradigms\Project\Scala Stuff\Sudoku.scala
2023.05.04 16:16:48 WARN  no build target for: D:\Desktop\College\Level 2\2nd Term\Programming Paradigms\Project\Scala Stuff\GameEngine.scala
May 04, 2023 4:21:39 PM org.eclipse.lsp4j.jsonrpc.RemoteEndpoint handleCancellation
WARNING: Unmatched cancel notification for request id 1428
May 04, 2023 4:22:42 PM org.eclipse.lsp4j.jsonrpc.RemoteEndpoint handleCancellation
WARNING: Unmatched cancel notification for request id 1606
May 04, 2023 4:28:59 PM org.eclipse.lsp4j.jsonrpc.RemoteEndpoint handleCancellation
WARNING: Unmatched cancel notification for request id 2361
May 04, 2023 4:32:36 PM org.eclipse.lsp4j.jsonrpc.RemoteEndpoint handleCancellation
WARNING: Unmatched cancel notification for request id 2676
2023.05.04 16:39:18 WARN  no build target for: D:\Desktop\College\Level 2\2nd Term\Programming Paradigms\Project\Scala Stuff\GameEngine.scala
2023.05.04 16:40:00 INFO  Shutting down server
2023.05.04 16:40:00 INFO  shutting down Metals
2023.05.04 16:40:00 INFO  Exiting server
